2024/04/17 17:02:35 - mmengine - INFO - 
------------------------------------------------------------
System environment:
    sys.platform: linux
    Python: 3.10.13 (main, Sep 11 2023, 13:44:35) [GCC 11.2.0]
    CUDA available: True
    MUSA available: False
    numpy_random_seed: 1088486004
    GPU 0,1,2,3,4,5,6,7: NVIDIA GeForce RTX 4090
    CUDA_HOME: /usr/local/cuda-12.2
    NVCC: Cuda compilation tools, release 12.2, V12.2.140
    GCC: gcc (Ubuntu 11.4.0-1ubuntu1~22.04) 11.4.0
    PyTorch: 2.2.1
    PyTorch compiling details: PyTorch built with:
  - GCC 9.3
  - C++ Version: 201703
  - Intel(R) oneAPI Math Kernel Library Version 2023.1-Product Build 20230303 for Intel(R) 64 architecture applications
  - Intel(R) MKL-DNN v3.3.2 (Git Hash 2dc95a2ad0841e29db8b22fbccaf3e5da7992b01)
  - OpenMP 201511 (a.k.a. OpenMP 4.5)
  - LAPACK is enabled (usually provided by MKL)
  - NNPACK is enabled
  - CPU capability usage: AVX512
  - CUDA Runtime 12.1
  - NVCC architecture flags: -gencode;arch=compute_50,code=sm_50;-gencode;arch=compute_60,code=sm_60;-gencode;arch=compute_61,code=sm_61;-gencode;arch=compute_70,code=sm_70;-gencode;arch=compute_75,code=sm_75;-gencode;arch=compute_80,code=sm_80;-gencode;arch=compute_86,code=sm_86;-gencode;arch=compute_90,code=sm_90
  - CuDNN 8.9.2
  - Magma 2.6.1
  - Build settings: BLAS_INFO=mkl, BUILD_TYPE=Release, CUDA_VERSION=12.1, CUDNN_VERSION=8.9.2, CXX_COMPILER=/opt/rh/devtoolset-9/root/usr/bin/c++, CXX_FLAGS= -D_GLIBCXX_USE_CXX11_ABI=0 -fabi-version=11 -fvisibility-inlines-hidden -DUSE_PTHREADPOOL -DNDEBUG -DUSE_KINETO -DLIBKINETO_NOROCTRACER -DUSE_FBGEMM -DUSE_QNNPACK -DUSE_PYTORCH_QNNPACK -DUSE_XNNPACK -DSYMBOLICATE_MOBILE_DEBUG_HANDLE -O2 -fPIC -Wall -Wextra -Werror=return-type -Werror=non-virtual-dtor -Werror=bool-operation -Wnarrowing -Wno-missing-field-initializers -Wno-type-limits -Wno-array-bounds -Wno-unknown-pragmas -Wno-unused-parameter -Wno-unused-function -Wno-unused-result -Wno-strict-overflow -Wno-strict-aliasing -Wno-stringop-overflow -Wsuggest-override -Wno-psabi -Wno-error=pedantic -Wno-error=old-style-cast -Wno-missing-braces -fdiagnostics-color=always -faligned-new -Wno-unused-but-set-variable -Wno-maybe-uninitialized -fno-math-errno -fno-trapping-math -Werror=format -Wno-stringop-overflow, LAPACK_INFO=mkl, PERF_WITH_AVX=1, PERF_WITH_AVX2=1, PERF_WITH_AVX512=1, TORCH_VERSION=2.2.1, USE_CUDA=ON, USE_CUDNN=ON, USE_EXCEPTION_PTR=1, USE_GFLAGS=OFF, USE_GLOG=OFF, USE_MKL=ON, USE_MKLDNN=ON, USE_MPI=OFF, USE_NCCL=ON, USE_NNPACK=ON, USE_OPENMP=ON, USE_ROCM=OFF, USE_ROCM_KERNEL_ASSERT=OFF, 

    TorchVision: 0.17.1
    OpenCV: 4.9.0
    MMEngine: 0.10.3

Runtime environment:
    cudnn_benchmark: True
    mp_cfg: {'mp_start_method': 'fork', 'opencv_num_threads': 0}
    dist_cfg: {'backend': 'nccl'}
    seed: 1088486004
    Distributed launcher: pytorch
    Distributed training: True
    GPU number: 4
------------------------------------------------------------

2024/04/17 17:02:35 - mmengine - INFO - Config:
data_root = '/mnt/disk2/mmsegmentationdataset/coco_stuff164k/'
dataset_type = 'COCOStuffDataset'
default_hooks = dict(
    checkpoint=dict(by_epoch=False, interval=2000, type='CheckpointHook'),
    logger=dict(interval=50, log_metric_by_epoch=False, type='LoggerHook'),
    param_scheduler=dict(type='ParamSchedulerHook'),
    sampler_seed=dict(type='DistSamplerSeedHook'),
    timer=dict(type='IterTimerHook'),
    visualization=dict(interval=1, type='SegVisualizationHook'))
default_scope = 'mmseg'
env_cfg = dict(
    cudnn_benchmark=True,
    dist_cfg=dict(backend='nccl'),
    mp_cfg=dict(mp_start_method='fork', opencv_num_threads=0))
launcher = 'pytorch'
load_from = None
log_level = 'INFO'
log_processor = dict(by_epoch=False)
model = dict(
    arch='reduced',
    attn_strategy='naclip',
    clip_path='ViT-B/16',
    gaussian_std=5.0,
    name_path='./configs/cls_coco_stuff.txt',
    pamr_steps=10,
    type='NACLIP')
resume = False
test_cfg = dict(type='TestLoop')
test_dataloader = dict(
    batch_size=1,
    dataset=dict(
        data_prefix=dict(
            img_path='images/val2017', seg_map_path='annotations/val2017'),
        data_root='/mnt/disk2/mmsegmentationdataset/coco_stuff164k/',
        pipeline=[
            dict(type='LoadImageFromFile'),
            dict(keep_ratio=True, scale=(
                2048,
                448,
            ), type='Resize'),
            dict(type='LoadAnnotations'),
            dict(type='PackSegInputs'),
        ],
        type='COCOStuffDataset'),
    num_workers=4,
    persistent_workers=True,
    sampler=dict(shuffle=False, type='DefaultSampler'))
test_evaluator = dict(
    iou_metrics=[
        'mIoU',
    ], type='IoUMetric')
test_pipeline = [
    dict(type='LoadImageFromFile'),
    dict(keep_ratio=True, scale=(
        2048,
        448,
    ), type='Resize'),
    dict(type='LoadAnnotations'),
    dict(type='PackSegInputs'),
]
vis_backends = [
    dict(type='LocalVisBackend'),
]
visualizer = dict(
    name='visualizer',
    type='SegLocalVisualizer',
    vis_backends=[
        dict(type='LocalVisBackend'),
    ])
work_dir = './work_logs'

2024/04/17 17:02:41 - mmengine - INFO - Hooks will be executed in the following order:
before_run:
(VERY_HIGH   ) RuntimeInfoHook                    
(BELOW_NORMAL) LoggerHook                         
 -------------------- 
before_train:
(VERY_HIGH   ) RuntimeInfoHook                    
(NORMAL      ) IterTimerHook                      
(VERY_LOW    ) CheckpointHook                     
 -------------------- 
before_train_epoch:
(VERY_HIGH   ) RuntimeInfoHook                    
(NORMAL      ) IterTimerHook                      
(NORMAL      ) DistSamplerSeedHook                
 -------------------- 
before_train_iter:
(VERY_HIGH   ) RuntimeInfoHook                    
(NORMAL      ) IterTimerHook                      
 -------------------- 
after_train_iter:
(VERY_HIGH   ) RuntimeInfoHook                    
(NORMAL      ) IterTimerHook                      
(BELOW_NORMAL) LoggerHook                         
(LOW         ) ParamSchedulerHook                 
(VERY_LOW    ) CheckpointHook                     
 -------------------- 
after_train_epoch:
(NORMAL      ) IterTimerHook                      
(LOW         ) ParamSchedulerHook                 
(VERY_LOW    ) CheckpointHook                     
 -------------------- 
before_val:
(VERY_HIGH   ) RuntimeInfoHook                    
 -------------------- 
before_val_epoch:
(NORMAL      ) IterTimerHook                      
 -------------------- 
before_val_iter:
(NORMAL      ) IterTimerHook                      
 -------------------- 
after_val_iter:
(NORMAL      ) IterTimerHook                      
(NORMAL      ) SegVisualizationHook               
(BELOW_NORMAL) LoggerHook                         
 -------------------- 
after_val_epoch:
(VERY_HIGH   ) RuntimeInfoHook                    
(NORMAL      ) IterTimerHook                      
(BELOW_NORMAL) LoggerHook                         
(LOW         ) ParamSchedulerHook                 
(VERY_LOW    ) CheckpointHook                     
 -------------------- 
after_val:
(VERY_HIGH   ) RuntimeInfoHook                    
 -------------------- 
after_train:
(VERY_HIGH   ) RuntimeInfoHook                    
(VERY_LOW    ) CheckpointHook                     
 -------------------- 
before_test:
(VERY_HIGH   ) RuntimeInfoHook                    
 -------------------- 
before_test_epoch:
(NORMAL      ) IterTimerHook                      
 -------------------- 
before_test_iter:
(NORMAL      ) IterTimerHook                      
 -------------------- 
after_test_iter:
(NORMAL      ) IterTimerHook                      
(NORMAL      ) SegVisualizationHook               
(BELOW_NORMAL) LoggerHook                         
 -------------------- 
after_test_epoch:
(VERY_HIGH   ) RuntimeInfoHook                    
(NORMAL      ) IterTimerHook                      
(BELOW_NORMAL) LoggerHook                         
 -------------------- 
after_test:
(VERY_HIGH   ) RuntimeInfoHook                    
 -------------------- 
after_run:
(BELOW_NORMAL) LoggerHook                         
 -------------------- 
2024/04/17 17:02:42 - mmengine - WARNING - The prefix is not set in metric class IoUMetric.
2024/04/17 17:03:41 - mmengine - INFO - Iter(test) [  50/1250]    eta: 0:23:40  time: 1.0544  data_time: 0.0021  memory: 22107  
2024/04/17 17:04:22 - mmengine - INFO - Iter(test) [ 100/1250]    eta: 0:19:17  time: 1.2172  data_time: 0.0022  memory: 22800  
2024/04/17 17:05:00 - mmengine - INFO - Iter(test) [ 150/1250]    eta: 0:16:53  time: 0.3481  data_time: 0.0020  memory: 20531  
2024/04/17 17:05:40 - mmengine - INFO - Iter(test) [ 200/1250]    eta: 0:15:33  time: 0.8988  data_time: 0.0023  memory: 23317  
2024/04/17 17:06:12 - mmengine - INFO - Iter(test) [ 250/1250]    eta: 0:14:03  time: 0.5648  data_time: 0.0020  memory: 21893  
2024/04/17 17:06:48 - mmengine - INFO - Iter(test) [ 300/1250]    eta: 0:12:58  time: 0.8040  data_time: 0.0020  memory: 22842  
2024/04/17 17:07:25 - mmengine - INFO - Iter(test) [ 350/1250]    eta: 0:12:07  time: 0.9907  data_time: 0.0019  memory: 22226  
2024/04/17 17:08:02 - mmengine - INFO - Iter(test) [ 400/1250]    eta: 0:11:20  time: 0.9334  data_time: 0.0019  memory: 22516  
2024/04/17 17:08:36 - mmengine - INFO - Iter(test) [ 450/1250]    eta: 0:10:30  time: 0.6473  data_time: 0.0023  memory: 22268  
2024/04/17 17:09:09 - mmengine - INFO - Iter(test) [ 500/1250]    eta: 0:09:41  time: 0.6471  data_time: 0.0019  memory: 22645  
2024/04/17 17:09:42 - mmengine - INFO - Iter(test) [ 550/1250]    eta: 0:08:54  time: 0.6324  data_time: 0.0019  memory: 22430  
2024/04/17 17:10:14 - mmengine - INFO - Iter(test) [ 600/1250]    eta: 0:08:09  time: 0.4872  data_time: 0.0019  memory: 22281  
2024/04/17 17:10:42 - mmengine - INFO - Iter(test) [ 650/1250]    eta: 0:07:23  time: 0.5162  data_time: 0.0019  memory: 21522  
2024/04/17 17:11:12 - mmengine - INFO - Iter(test) [ 700/1250]    eta: 0:06:40  time: 0.5536  data_time: 0.0020  memory: 21238  
2024/04/17 17:11:41 - mmengine - INFO - Iter(test) [ 750/1250]    eta: 0:05:59  time: 0.3506  data_time: 0.0019  memory: 20872  
2024/04/17 17:12:08 - mmengine - INFO - Iter(test) [ 800/1250]    eta: 0:05:18  time: 0.4720  data_time: 0.0019  memory: 22985  
2024/04/17 17:12:38 - mmengine - INFO - Iter(test) [ 850/1250]    eta: 0:04:40  time: 0.5205  data_time: 0.0020  memory: 22626  
2024/04/17 17:13:05 - mmengine - INFO - Iter(test) [ 900/1250]    eta: 0:04:02  time: 0.5280  data_time: 0.0023  memory: 23317  
2024/04/17 17:13:31 - mmengine - INFO - Iter(test) [ 950/1250]    eta: 0:03:24  time: 0.8060  data_time: 0.0019  memory: 22759  
2024/04/17 17:14:01 - mmengine - INFO - Iter(test) [1000/1250]    eta: 0:02:49  time: 0.5374  data_time: 0.0020  memory: 22665  
2024/04/17 17:14:25 - mmengine - INFO - Iter(test) [1050/1250]    eta: 0:02:13  time: 0.3652  data_time: 0.0021  memory: 23158  
2024/04/17 17:14:50 - mmengine - INFO - Iter(test) [1100/1250]    eta: 0:01:39  time: 0.3802  data_time: 0.0020  memory: 21505  
2024/04/17 17:15:19 - mmengine - INFO - Iter(test) [1150/1250]    eta: 0:01:05  time: 0.6876  data_time: 0.0020  memory: 22818  
2024/04/17 17:15:43 - mmengine - INFO - Iter(test) [1200/1250]    eta: 0:00:32  time: 0.6850  data_time: 0.0020  memory: 22929  
2024/04/17 17:16:09 - mmengine - INFO - Iter(test) [1250/1250]    eta: 0:00:00  time: 0.3576  data_time: 0.0019  memory: 21652  
2024/04/17 17:16:31 - mmengine - INFO - per class results:
2024/04/17 17:16:31 - mmengine - INFO - 
+------------------+-------+-------+
|      Class       |  IoU  |  Acc  |
+------------------+-------+-------+
|      person      | 18.36 | 18.56 |
|     bicycle      | 44.67 | 72.23 |
|       car        |  46.4 | 73.89 |
|    motorcycle    | 56.68 | 63.25 |
|     airplane     | 61.79 | 76.98 |
|       bus        | 57.89 | 68.68 |
|      train       | 50.22 | 57.78 |
|      truck       | 34.25 | 53.17 |
|       boat       | 37.37 | 69.98 |
|  traffic light   | 23.55 | 75.62 |
|   fire hydrant   |  60.8 |  74.6 |
|    stop sign     |  46.0 | 87.01 |
|  parking meter   | 21.13 |  21.8 |
|      bench       | 23.74 |  28.8 |
|       bird       | 62.38 | 70.02 |
|       cat        |  77.2 | 90.11 |
|       dog        | 64.96 | 74.47 |
|      horse       | 58.96 | 88.45 |
|      sheep       | 69.44 | 83.09 |
|       cow        | 65.32 |  74.9 |
|     elephant     | 80.17 | 85.08 |
|       bear       | 71.43 |  85.4 |
|      zebra       | 69.97 | 83.05 |
|     giraffe      | 71.48 | 84.33 |
|     backpack     | 11.85 |  76.4 |
|     umbrella     | 51.35 | 59.81 |
|     handbag      | 17.65 | 36.98 |
|       tie        |  0.93 | 67.26 |
|     suitcase     | 40.72 | 44.89 |
|     frisbee      | 42.22 | 59.49 |
|       skis       |  7.13 | 72.99 |
|    snowboard     |  3.36 |  3.82 |
|   sports ball    |  2.86 | 59.53 |
|       kite       | 38.39 | 50.62 |
|   baseball bat   |  4.56 | 48.35 |
|  baseball glove  |  4.4  | 77.19 |
|    skateboard    | 20.77 | 41.51 |
|    surfboard     | 33.54 | 57.04 |
|  tennis racket   |  22.3 | 67.01 |
|      bottle      | 34.17 | 52.95 |
|    wine glass    | 27.99 | 69.37 |
|       cup        | 21.75 | 26.58 |
|       fork       | 14.72 | 40.29 |
|      knife       |  17.4 | 26.98 |
|      spoon       | 14.58 | 36.57 |
|       bowl       |  9.89 | 11.06 |
|      banana      | 52.74 | 77.76 |
|      apple       | 33.67 | 43.22 |
|     sandwich     | 36.79 | 54.57 |
|      orange      | 31.21 |  64.6 |
|     broccoli     | 41.37 | 72.83 |
|      carrot      | 44.38 | 49.53 |
|     hot dog      | 34.33 |  41.7 |
|      pizza       | 59.53 | 76.35 |
|      donut       | 54.27 | 87.02 |
|       cake       | 52.18 | 63.91 |
|      chair       | 22.65 | 29.54 |
|      couch       | 43.95 | 61.03 |
|   potted plant   |  3.34 |  3.49 |
|       bed        | 35.64 | 43.41 |
|   dining table   | 19.12 |  23.9 |
|      toilet      | 28.03 | 72.55 |
|        tv        | 22.05 | 24.75 |
|      laptop      | 39.51 | 47.49 |
|      mouse       | 46.22 | 53.19 |
|      remote      | 25.47 |  46.3 |
|     keyboard     | 51.24 | 63.53 |
|    cell phone    | 26.58 | 35.45 |
|    microwave     | 20.41 | 26.38 |
|       oven       | 26.86 | 50.69 |
|     toaster      |  7.64 | 56.02 |
|       sink       | 30.06 | 57.24 |
|   refrigerator   | 26.85 | 68.27 |
|       book       | 20.84 |  22.3 |
|      clock       | 51.72 | 80.12 |
|       vase       | 16.92 | 18.43 |
|     scissors     | 17.68 | 18.59 |
|    teddy bear    | 58.78 | 64.71 |
|    hair drier    |  1.27 | 28.54 |
|    toothbrush    | 22.42 | 45.88 |
|      banner      | 16.98 |  58.8 |
|     blanket      |  5.72 | 29.52 |
|      branch      |  8.66 | 48.09 |
|      bridge      | 24.35 |  37.6 |
|  building-other  | 25.41 |  28.5 |
|       bush       | 20.48 | 42.34 |
|     cabinet      | 10.94 | 15.13 |
|       cage       |  9.92 | 14.92 |
|    cardboard     | 18.58 | 22.17 |
|      carpet      | 34.59 |  61.3 |
|  ceiling-other   | 33.55 | 57.63 |
|   ceiling-tile   |  1.85 |  9.8  |
|      cloth       |  0.99 | 12.82 |
|     clothes      |  3.5  | 16.99 |
|      clouds      | 40.55 | 78.33 |
|     counter      |  5.7  | 22.87 |
|     cupboard     |  1.24 | 38.59 |
|     curtain      | 35.51 | 69.27 |
|    desk-stuff    |  9.27 | 12.85 |
|       dirt       | 21.21 | 33.02 |
|    door-stuff    | 17.64 | 27.61 |
|      fence       | 25.11 | 36.35 |
|   floor-marble   |  3.83 |  8.71 |
|   floor-other    |  9.1  | 37.04 |
|   floor-stone    |  2.29 |  8.7  |
|    floor-tile    | 27.33 | 30.35 |
|    floor-wood    | 22.74 | 68.24 |
|      flower      | 25.22 | 55.45 |
|       fog        |  9.95 | 13.11 |
|    food-other    | 18.35 | 59.35 |
|      fruit       | 25.13 | 60.36 |
| furniture-other  |  3.33 |  3.98 |
|      grass       | 55.17 | 88.16 |
|      gravel      |  15.1 |  53.8 |
|   ground-other   |  1.36 |  4.7  |
|       hill       | 11.07 | 35.71 |
|      house       | 17.41 | 26.71 |
|      leaves      | 11.02 | 20.95 |
|      light       | 15.62 | 30.91 |
|       mat        |  0.19 |  5.21 |
|      metal       |  0.39 |  0.4  |
|   mirror-stuff   |  3.28 |  3.58 |
|       moss       |  0.0  |  0.0  |
|     mountain     |  34.8 | 40.44 |
|       mud        |  2.81 | 56.93 |
|      napkin      |  5.73 |  63.1 |
|       net        | 11.63 | 39.63 |
|      paper       |  11.7 | 23.47 |
|     pavement     | 33.65 | 70.13 |
|      pillow      |  2.46 | 21.57 |
|   plant-other    |  8.83 | 18.14 |
|     plastic      |  3.02 |  3.1  |
|     platform     |  0.86 |  0.94 |
|   playingfield   |  0.0  |  0.0  |
|     railing      |  3.95 | 10.55 |
|     railroad     |  33.5 | 52.23 |
|      river       | 34.36 | 57.21 |
|       road       | 22.33 |  27.5 |
|       rock       |  23.8 | 28.34 |
|       roof       | 15.76 | 35.66 |
|       rug        | 15.62 | 47.76 |
|      salad       |  6.17 | 49.14 |
|       sand       |  45.7 | 60.14 |
|       sea        | 51.98 | 56.45 |
|      shelf       |  2.59 |  2.75 |
|    sky-other     | 48.98 | 54.07 |
|    skyscraper    | 16.77 | 18.28 |
|       snow       | 68.17 | 78.42 |
|   solid-other    |  0.04 |  0.53 |
|      stairs      | 15.93 | 26.69 |
|      stone       |  6.48 | 17.31 |
|      straw       |  5.13 |  6.95 |
| structural-other |  0.69 |  2.16 |
|      table       |  8.11 | 13.76 |
|       tent       |  6.2  |  13.5 |
|  textile-other   |  0.63 |  0.66 |
|      towel       | 10.41 | 54.67 |
|       tree       | 50.68 | 56.47 |
|    vegetable     | 22.32 | 30.89 |
|    wall-brick    | 27.07 | 47.01 |
|  wall-concrete   |  6.44 |  7.45 |
|    wall-other    |  7.93 | 30.25 |
|    wall-panel    |  0.45 |  0.48 |
|    wall-stone    | 17.73 | 53.02 |
|    wall-tile     | 40.63 | 48.29 |
|    wall-wood     | 21.35 | 40.65 |
|   water-other    | 10.58 | 39.31 |
|    waterdrops    |  0.3  |  3.19 |
|   window-blind   | 32.55 | 47.91 |
|   window-other   | 27.24 | 47.72 |
|       wood       |  7.72 | 30.36 |
+------------------+-------+-------+
2024/04/17 17:16:31 - mmengine - INFO - Iter(test) [1250/1250]    aAcc: 41.4100  mIoU: 25.1700  mAcc: 42.9600  data_time: 0.0022  time: 0.6457
